<?xml version="1.0" encoding="UTF-8"?>
<!-- Generated by org.testng.reporters.JUnitReportReporter -->
<testsuite hostname="Samuel-2021HP" failures="0" tests="1" name="com.jq.seleninu.test.MainJqTest" time="56.039" errors="0" timestamp="7 Feb 2022 15:01:48 GMT">
  <testcase classname="com.jq.seleninu.test.MainJqTest" name="testone" time="56.039"/>
</testsuite> <!-- com.jq.seleninu.test.MainJqTest -->
