<?xml version="1.0" encoding="UTF-8"?>
<!-- Generated by org.testng.reporters.JUnitReportReporter -->
<testsuite hostname="Samuel-2021HP" failures="0" tests="1" name="com.jq.seleninu.test.MethJqTest" time="31.333" errors="0" timestamp="5 Feb 2022 01:44:46 GMT">
  <testcase classname="com.jq.seleninu.test.MethJqTest" name="testone" time="31.333"/>
</testsuite> <!-- com.jq.seleninu.test.MethJqTest -->
